\BOOKMARK [0][-]{name.0}{Contents}{}% 1
\BOOKMARK [0][-]{chapter*.2}{\040\040Preface\040and\040acknowledgementsMarian\040Klamer}{}% 2
\BOOKMARK [0][-]{chapter*.4}{\040\040Preface\040to\040the\040second\040editionMarian\040Klamer}{}% 3
\BOOKMARK [0][-]{chapter*.5}{1\040The\040Alor-Pantar\040languages:\040Linguistic\040context,\040history\040and\040typologyMarian\040Klamer}{}% 4
\BOOKMARK [1][-]{section.1.1}{1\040Introduction}{chapter*.5}% 5
\BOOKMARK [1][-]{section.1.2}{2\040Current\040linguistic\040situation\040on\040Alor\040and\040Pantar}{chapter*.5}% 6
\BOOKMARK [2][-]{subsection.1.2.1}{2.1\040The\040Papuan\040languages\040of\040Alor\040and\040Pantar}{section.1.2}% 7
\BOOKMARK [2][-]{subsection.1.2.2}{2.2\040Indigenous\040Austronesian\040languageslan]Austronesian\040language\(s\)\040on\040Alor\040and\040Pantar}{section.1.2}% 8
\BOOKMARK [2][-]{subsection.1.2.3}{2.3\040Indonesian\040and\040Alor\040Malay}{section.1.2}% 9
\BOOKMARK [1][-]{section.1.3}{3\040History\040of\040research\040on\040the\040Alor\040and\040Pantar\040languages}{chapter*.5}% 10
\BOOKMARK [1][-]{section.1.4}{4\040History\040of\040Alor\040and\040Pantar\040languages\040and\040their\040speakers}{chapter*.5}% 11
\BOOKMARK [2][-]{subsection.1.4.1}{4.1\040Prehistory}{section.1.4}% 12
\BOOKMARK [2][-]{subsection.1.4.2}{4.2\040Historical\040records\040on\040Alor\040and\040Pantar}{section.1.4}% 13
\BOOKMARK [2][-]{subsection.1.4.3}{4.3\040Contact}{section.1.4}% 14
\BOOKMARK [1][-]{section.1.5}{5\040Typological\040overview}{chapter*.5}% 15
\BOOKMARK [2][-]{subsection.1.5.1}{5.1\040Phonology}{section.1.5}% 16
\BOOKMARK [2][-]{subsection.1.5.2}{5.2\040Constituent\040order}{section.1.5}% 17
\BOOKMARK [2][-]{subsection.1.5.3}{5.3\040Pronominalsbj]pronoun\040indexing\040and\040morphological\040alignment}{section.1.5}% 18
\BOOKMARK [2][-]{subsection.1.5.4}{5.4\040Possession}{section.1.5}% 19
\BOOKMARK [2][-]{subsection.1.5.5}{5.5\040Plural\040number\040words}{section.1.5}% 20
\BOOKMARK [2][-]{subsection.1.5.6}{5.6\040Serial\040verb\040constructions}{section.1.5}% 21
\BOOKMARK [2][-]{subsection.1.5.7}{5.7\040Postpositions}{section.1.5}% 22
\BOOKMARK [2][-]{subsection.1.5.8}{5.8\040Morphological\040typology}{section.1.5}% 23
\BOOKMARK [2][-]{subsection.1.5.9}{5.9\040Typological\040features\040of\040AP\040languages\040in\040the\040Papuan\040context}{section.1.5}% 24
\BOOKMARK [1][-]{section.1.6}{6\040Lexicon}{chapter*.5}% 25
\BOOKMARK [2][-]{subsection.1.6.1}{6.1\040Cognates\040and\040reconstructed\040vocabulary}{section.1.6}% 26
\BOOKMARK [2][-]{subsection.1.6.2}{6.2\040Numerals\040and\040numeral\040systems}{section.1.6}% 27
\BOOKMARK [2][-]{subsection.1.6.3}{6.3\040Numeral\040classifiers}{section.1.6}% 28
\BOOKMARK [2][-]{subsection.1.6.4}{6.4\040Kinship\040terminology}{section.1.6}% 29
\BOOKMARK [1][-]{section.1.7}{7\040Challenges\040for\040future\040research}{chapter*.5}% 30
\BOOKMARK [1][-]{section.1.8}{8\040Data\040collection\040and\040archiving}{chapter*.5}% 31
\BOOKMARK [0][-]{chapter*.26}{2\040The\040internal\040history\040of\040the\040Alor-Pantar\040language\040familyGary\040Holton\040&\040Laura\040C.\040Robinson}{}% 32
\BOOKMARK [1][-]{section.2.1}{1\040Introduction}{chapter*.26}% 33
\BOOKMARK [1][-]{section.2.2}{2\040Sound\040correspondences\040and\040reconstruction}{chapter*.26}% 34
\BOOKMARK [2][-]{subsection.2.2.1}{2.1\040Voiced\040stops}{section.2.2}% 35
\BOOKMARK [2][-]{subsection.2.2.2}{2.2\040Voiceless\040stops}{section.2.2}% 36
\BOOKMARK [2][-]{subsection.2.2.3}{2.3\040Fricatives}{section.2.2}% 37
\BOOKMARK [2][-]{subsection.2.2.4}{2.4\040Nasals}{section.2.2}% 38
\BOOKMARK [2][-]{subsection.2.2.5}{2.5\040Liquids}{section.2.2}% 39
\BOOKMARK [2][-]{subsection.2.2.6}{2.6\040Glides}{section.2.2}% 40
\BOOKMARK [2][-]{subsection.2.2.7}{2.7\040Reconstructed\040proto-Alor-Pantarlan]proto-Alor-Pantar\040vocabulary}{section.2.2}% 41
\BOOKMARK [1][-]{section.2.3}{3\040Internal\040subgrouping}{chapter*.26}% 42
\BOOKMARK [2][-]{subsection.2.3.1}{3.1\040Subgrouping\040based\040on\040shared\040phonological\040innovationssbj]innovation}{section.2.3}% 43
\BOOKMARK [2][-]{subsection.2.3.2}{3.2\040Subgrouping\040based\040on\040lexical\040characters}{section.2.3}% 44
\BOOKMARK [1][-]{section.2.4}{4\040Discussion}{chapter*.26}% 45
\BOOKMARK [0][-]{chapter*.53}{3\040The\040relatedness\040of\040Timor-Kisar\040and\040Alor-Pantar\040languages:\040A\040preliminary\040demonstrationAntoinette\040Schapper,\040Juliette\040Huber\040\040&\040Aone\040van\040Engelenhoven}{}% 46
\BOOKMARK [1][-]{section.3.1}{1\040Introduction}{chapter*.53}% 47
\BOOKMARK [1][-]{section.3.2}{2\040Sound\040correspondences}{chapter*.53}% 48
\BOOKMARK [2][-]{subsection.3.2.1}{2.1\040Reconstruction\040of\040bilabial\040stops}{section.3.2}% 49
\BOOKMARK [2][-]{subsection.3.2.2}{2.2\040Reconstruction\040of\040coronal\040stops}{section.3.2}% 50
\BOOKMARK [2][-]{subsection.3.2.3}{2.3\040Reconstruction\040of\040velar\040stops}{section.3.2}% 51
\BOOKMARK [2][-]{subsection.3.2.4}{2.4\040Reconstruction\040of\040fricatives}{section.3.2}% 52
\BOOKMARK [2][-]{subsection.3.2.5}{2.5\040Reconstruction\040of\040glides}{section.3.2}% 53
\BOOKMARK [2][-]{subsection.3.2.6}{2.6\040Reconstruction\040of\040liquids}{section.3.2}% 54
\BOOKMARK [2][-]{subsection.3.2.7}{2.7\040Reconstruction\040of\040nasals}{section.3.2}% 55
\BOOKMARK [1][-]{section.3.3}{3\040Summary\040of\040correspondences\040and\040reconstructed\040phonemes}{chapter*.53}% 56
\BOOKMARK [1][-]{section.3.4}{4\040Discussion}{chapter*.53}% 57
\BOOKMARK [1][-]{section.3.1}{A\040Appendix}{chapter*.53}% 58
\BOOKMARK [2][-]{subsection.3.1.1}{A.1\040Data\040supporting\040the\040additional\040pAPlan]proto-Alor-Pantar\040reconstructions}{section.3.1}% 59
\BOOKMARK [2][-]{subsection.3.1.2}{A.2\040Data\040supporting\040the\040additional\040pTIMlan]proto-Timor\040reconstructions}{section.3.1}% 60
\BOOKMARK [2][-]{subsection.3.1.3}{A.3\040List\040of\040cognates\040and\040pTAPlan]proto-Timor\040Alor\040Pantar\040reconstruction}{section.3.1}% 61
\BOOKMARK [0][-]{chapter*.80}{4\040The\040linguistic\040position\040of\040the\040Timor-Alor-Pantar\040languagesGary\040Holton\040&\040Laura\040C.\040Robinson}{}% 62
\BOOKMARK [1][-]{section.4.1}{1\040Introduction}{chapter*.80}% 63
\BOOKMARK [1][-]{section.4.2}{2\040Typological\040evidence}{chapter*.80}% 64
\BOOKMARK [2][-]{subsection.4.2.1}{2.1\040Phonology}{section.4.2}% 65
\BOOKMARK [2][-]{subsection.4.2.2}{2.2\040Morphology}{section.4.2}% 66
\BOOKMARK [2][-]{subsection.4.2.3}{2.3\040Syntax}{section.4.2}% 67
\BOOKMARK [1][-]{section.4.3}{3\040Pronominalsbj]pronoun\040evidence}{chapter*.80}% 68
\BOOKMARK [1][-]{section.4.4}{4\040Lexicon}{chapter*.80}% 69
\BOOKMARK [2][-]{subsection.4.4.1}{4.1\040Lexical\040evidence\040for\040the\040NH\040hypothesis}{section.4.4}% 70
\BOOKMARK [2][-]{subsection.4.4.2}{4.2\040Lexical\040evidence\040for\040the\040TNGlan]Trans-New\040Guinea\040language\(s\)\040hypothesis}{section.4.4}% 71
\BOOKMARK [1][-]{section.4.5}{5\040Comparison\040with\040individual\040languages}{chapter*.80}% 72
\BOOKMARK [2][-]{subsection.4.5.1}{5.1\040South\040Bird's\040Head}{section.4.5}% 73
\BOOKMARK [2][-]{subsection.4.5.2}{5.2\040Dani}{section.4.5}% 74
\BOOKMARK [2][-]{subsection.4.5.3}{5.3\040Wissel\040Lakeslan]Wissel\040Lakes\040language\(s\)}{section.4.5}% 75
\BOOKMARK [2][-]{subsection.4.5.4}{5.4\040West\040Bomberailan]Bomberai\040language\(s\)}{section.4.5}% 76
\BOOKMARK [1][-]{section.4.6}{6\040Discussion}{chapter*.80}% 77
\BOOKMARK [0][-]{chapter*.104}{5\040Kinship\040in\040the\040Alor-Pantar\040languagesGary\040Holton}{}% 78
\BOOKMARK [1][-]{section.5.1}{1\040Introduction}{chapter*.104}% 79
\BOOKMARK [1][-]{section.5.2}{2\040Kin\040terminology}{chapter*.104}% 80
\BOOKMARK [2][-]{subsection.5.2.1}{2.1\040Western\040Pantar}{section.5.2}% 81
\BOOKMARK [2][-]{subsection.5.2.2}{2.2\040Teiwa}{section.5.2}% 82
\BOOKMARK [2][-]{subsection.5.2.3}{2.3\040Blagar}{section.5.2}% 83
\BOOKMARK [2][-]{subsection.5.2.4}{2.4\040Kiraman}{section.5.2}% 84
\BOOKMARK [2][-]{subsection.5.2.5}{2.5\040Adang}{section.5.2}% 85
\BOOKMARK [2][-]{subsection.5.2.6}{2.6\040Abui}{section.5.2}% 86
\BOOKMARK [2][-]{subsection.5.2.7}{2.7\040Kamang}{section.5.2}% 87
\BOOKMARK [2][-]{subsection.5.2.8}{2.8\040Wersing}{section.5.2}% 88
\BOOKMARK [1][-]{section.5.3}{3\040Summary\040and\040comparison\040of\040kinship\040terms}{chapter*.104}% 89
\BOOKMARK [1][-]{section.5.4}{4\040Marriage\040prescriptions}{chapter*.104}% 90
\BOOKMARK [2][-]{subsection.5.4.1}{4.1\040Symmetrical\040exchange}{section.5.4}% 91
\BOOKMARK [2][-]{subsection.5.4.2}{4.2\040Asymmetrical\040exchange}{section.5.4}% 92
\BOOKMARK [2][-]{subsection.5.4.3}{4.3\040Non-prescriptive\040systems}{section.5.4}% 93
\BOOKMARK [1][-]{section.5.5}{5\040Discussion}{chapter*.104}% 94
\BOOKMARK [0][-]{chapter*.143}{6\040Elevation\040in\040the\040spatial\040deictic\040systems\040of\040Alor-Pantar\040languagesAntoinette\040Schapper}{}% 95
\BOOKMARK [1][-]{section.6.1}{1\040Introduction}{chapter*.143}% 96
\BOOKMARK [1][-]{section.6.2}{2\040Terminological\040preliminaries}{chapter*.143}% 97
\BOOKMARK [1][-]{section.6.3}{3\040Alor-Pantar\040elevationalsbj]elevation\040systems}{chapter*.143}% 98
\BOOKMARK [2][-]{subsection.6.3.1}{3.1\040Wersinglan]Wersing}{section.6.3}% 99
\BOOKMARK [2][-]{subsection.6.3.2}{3.2\040Teiwalan]Teiwa}{section.6.3}% 100
\BOOKMARK [2][-]{subsection.6.3.3}{3.3\040Abuilan]Abui}{section.6.3}% 101
\BOOKMARK [2][-]{subsection.6.3.4}{3.4\040Blagarlan]Blagar}{section.6.3}% 102
\BOOKMARK [2][-]{subsection.6.3.5}{3.5\040Adang}{section.6.3}% 103
\BOOKMARK [2][-]{subsection.6.3.6}{3.6\040Western\040Pantarlan]Western\040Pantar}{section.6.3}% 104
\BOOKMARK [2][-]{subsection.6.3.7}{3.7\040Kamanglan]Kamang}{section.6.3}% 105
\BOOKMARK [2][-]{subsection.6.3.8}{3.8\040Summary}{section.6.3}% 106
\BOOKMARK [1][-]{section.6.4}{4\040History\040of\040AP\040elevationsbj]elevation\040terms}{chapter*.143}% 107
\BOOKMARK [2][-]{subsection.6.4.1}{4.1\040Proto-elevationalssbj]elevation}{section.6.4}% 108
\BOOKMARK [2][-]{subsection.6.4.2}{4.2\040Proto-elevationalsbj]elevation\040verbs}{section.6.4}% 109
\BOOKMARK [2][-]{subsection.6.4.3}{4.3\040Elaborations\040of\040the\040proto-system}{section.6.4}% 110
\BOOKMARK [1][-]{section.6.5}{5\040Conclusion}{chapter*.143}% 111
\BOOKMARK [0][-]{chapter*.168}{7\040Numeral\040systems\040in\040the\040Alor-Pantar\040languagesAntoinette\040Schapper\040&\040Marian\040Klamer}{}% 112
\BOOKMARK [1][-]{section.7.1}{1\040Introduction}{chapter*.168}% 113
\BOOKMARK [1][-]{section.7.2}{2\040Terminological\040preliminaries}{chapter*.168}% 114
\BOOKMARK [1][-]{section.7.3}{3\040A\040brief\040note\040on\040sound\040changessbj]sound\040change\040and\040numerals}{chapter*.168}% 115
\BOOKMARK [1][-]{section.7.4}{4\040Numerals\040`one'\040to\040`five'}{chapter*.168}% 116
\BOOKMARK [1][-]{section.7.5}{5\040Numerals\040`six'\040to\040`nine'}{chapter*.168}% 117
\BOOKMARK [2][-]{subsection.7.5.1}{5.1\040Numeral\040`six':\040Simplexsbj]simplex\040numeral\040and\040compound\040forms}{section.7.5}% 118
\BOOKMARK [2][-]{subsection.7.5.2}{5.2\040Numerals\040`seven'\040to\040`nine'}{section.7.5}% 119
\BOOKMARK [3][-]{subsubsection.7.5.2.1}{5.2.1\040Additivesbj]additive\040numeral\040base-five\040compounds}{subsection.7.5.2}% 120
\BOOKMARK [3][-]{subsubsection.7.5.2.2}{5.2.2\040Subtractivesbj]subtractive\040numeral\040base-ten\040compounds\040and\040extensions}{subsection.7.5.2}% 121
\BOOKMARK [3][-]{subsubsection.7.5.2.3}{5.2.3\040Other\040mixed\040systems\040for\040`seven'\040to\040`nine'}{subsection.7.5.2}% 122
\BOOKMARK [1][-]{section.7.6}{6\040Numerals\040`ten'\040and\040above}{chapter*.168}% 123
\BOOKMARK [2][-]{subsection.7.6.1}{6.1\040Numeral\040`ten':\040multiplied\040base-ten\040compound}{section.7.6}% 124
\BOOKMARK [2][-]{subsection.7.6.2}{6.2\040Numerals\040within\040decades}{section.7.6}% 125
\BOOKMARK [2][-]{subsection.7.6.3}{6.3\040Multiples\040of\040`hundred'\040and\040`thousand'}{section.7.6}% 126
\BOOKMARK [1][-]{section.7.7}{7\040Alor-Pantar\040numerals\040from\040a\040typological\040and\040areal\040perspective}{chapter*.168}% 127
\BOOKMARK [2][-]{subsection.7.7.1}{7.1\040Typological\040rarities\040in\040AP\040numeral\(s\)}{section.7.7}% 128
\BOOKMARK [2][-]{subsection.7.7.2}{7.2\040AP\040numerals\040in\040their\040areal\040context}{section.7.7}% 129
\BOOKMARK [1][-]{section.7.8}{8\040Conclusions\040and\040discussion}{chapter*.168}% 130
\BOOKMARK [1][-]{section.7.9}{9\040Sources}{chapter*.168}% 131
\BOOKMARK [1][-]{section.7.1}{A\040Appendix}{chapter*.168}% 132
\BOOKMARK [2][-]{subsection.7.1.1}{A.1\040Cardinal\040numeralssbj]cardinal\040numeral\(s\)\040in\040the\040Alor-Pantar\040languages}{section.7.1}% 133
\BOOKMARK [2][-]{subsection.7.1.2}{A.2\040Numerals\040`one'\040to\040`ten'\040in\040Austronesian\040languageslan]Austronesian\040language\(s\)\040W\040of\040Alor-Pantar}{section.7.1}% 134
\BOOKMARK [2][-]{subsection.7.1.3}{A.3\040Numerals\040`one'\040to\040`ten'\040in\040Austronesian\040languageslan]Austronesian\040language\(s\)\040S\040&\040E\040of\040Alor-Pantar}{section.7.1}% 135
\BOOKMARK [0][-]{chapter*.195}{8 Numeral words and arithmetic operations in the Alor-Pantar languagesMarian Klamer, Antoinette Schapper, Greville Corbett, Gary Holton, František Kratochvíl & Laura C. Robinson}{}% 136
\BOOKMARK [1][-]{section.8.1}{1\040Introduction}{chapter*.195}% 137
\BOOKMARK [1][-]{section.8.2}{2\040Operations\040to\040create\040numeral\040words}{chapter*.195}% 138
\BOOKMARK [2][-]{subsection.8.2.1}{2.1\040Cardinal\040numerals}{section.8.2}% 139
\BOOKMARK [2][-]{subsection.8.2.2}{2.2\040Ordinal\040numeralssbj]ordinal\040numeral\(s\)}{section.8.2}% 140
\BOOKMARK [2][-]{subsection.8.2.3}{2.3\040Distributive\040numeralssbj]distributive\040numerals}{section.8.2}% 141
\BOOKMARK [3][-]{subsubsection.8.2.3.1}{2.3.1\040Forms\040and\040distribution\040of\040distributivessbj]distributive\040numerals}{subsection.8.2.3}% 142
\BOOKMARK [3][-]{subsubsection.8.2.3.2}{2.3.2\040Regular\040distributivesbj]distributive\040numerals\040formation}{subsection.8.2.3}% 143
\BOOKMARK [3][-]{subsubsection.8.2.3.3}{2.3.3\040Irregularities\040in\040distributivesbj]distributive\040numerals\040formation}{subsection.8.2.3}% 144
\BOOKMARK [1][-]{section.8.3}{3\040Structures\040expressing\040arithmetic\040operations}{chapter*.195}% 145
\BOOKMARK [2][-]{subsection.8.3.1}{3.1\040Addition}{section.8.3}% 146
\BOOKMARK [2][-]{subsection.8.3.2}{3.2\040Subtraction}{section.8.3}% 147
\BOOKMARK [2][-]{subsection.8.3.3}{3.3\040Multiplication}{section.8.3}% 148
\BOOKMARK [2][-]{subsection.8.3.4}{3.4\040Division}{section.8.3}% 149
\BOOKMARK [2][-]{subsection.8.3.5}{3.5\040Fractions}{section.8.3}% 150
\BOOKMARK [1][-]{section.8.4}{4\040Summary\040and\040conclusions}{chapter*.195}% 151
\BOOKMARK [2][-]{subsection.8.4.1}{4.1\040Sources}{section.8.4}% 152
\BOOKMARK [1][-]{section.8.1}{A\040Appendix}{chapter*.195}% 153
\BOOKMARK [2][-]{subsection.8.1.1}{A.1\040Ordinalsbj]ordinal\040numeral\(s\)\040and\040Distributive\040Numeralssbj]distributive\040numerals}{section.8.1}% 154
\BOOKMARK [2][-]{subsection.8.1.2}{A.2\040Numeral\040Questionnaire\040used\040in\040the\040field}{section.8.1}% 155
\BOOKMARK [3][-]{subsubsection.8.1.2.1}{A.2.1\040Numerals}{subsection.8.1.2}% 156
\BOOKMARK [3][-]{subsubsection.8.1.2.2}{A.2.2\040Tasks}{subsection.8.1.2}% 157
\BOOKMARK [3][-]{subsubsection.8.1.2.3}{A.2.3\040Points\040for\040further\040elicitation}{subsection.8.1.2}% 158
\BOOKMARK [3][-]{subsubsection.8.1.2.4}{A.2.4 Numerals 1–100}{subsection.8.1.2}% 159
\BOOKMARK [3][-]{subsubsection.8.1.2.5}{A.2.5\040Higher\040cardinalssbj]cardinal\040numeral\(s\)}{subsection.8.1.2}% 160
\BOOKMARK [0][-]{chapter*.213}{9\040Plural\040number\040words\040in\040the\040Alor-Pantar\040languagesMarian\040Klamer,\040Antoinette\040Schapper\040&\040Greville\040Corbett}{}% 161
\BOOKMARK [1][-]{section.9.1}{1\040Introduction}{chapter*.213}% 162
\BOOKMARK [1][-]{section.9.2}{2\040Pluralsbj]plural\040\(number\)\040word\040number\040words\040across\040Alor-Pantar}{chapter*.213}% 163
\BOOKMARK [1][-]{section.9.3}{3\040Syntax\040of\040pluralsbj]plural\040\(number\)\040word\040words\040in\040Alor-Pantar}{chapter*.213}% 164
\BOOKMARK [2][-]{subsection.9.3.1}{3.1\040Western\040Pantarlan]Western\040Pantar}{section.9.3}% 165
\BOOKMARK [2][-]{subsection.9.3.2}{3.2\040Teiwalan]Teiwa}{section.9.3}% 166
\BOOKMARK [2][-]{subsection.9.3.3}{3.3\040Kamanglan]Kamang}{section.9.3}% 167
\BOOKMARK [2][-]{subsection.9.3.4}{3.4\040Abuilan]Abui}{section.9.3}% 168
\BOOKMARK [2][-]{subsection.9.3.5}{3.5\040Wersinglan]Wersing}{section.9.3}% 169
\BOOKMARK [2][-]{subsection.9.3.6}{3.6\040Summary}{section.9.3}% 170
\BOOKMARK [1][-]{section.9.4}{4\040Semantics\040of\040pluralsbj]plural\040\(number\)\040word\040words\040in\040Alor-Pantar}{chapter*.213}% 171
\BOOKMARK [2][-]{subsection.9.4.1}{4.1\040Completeness}{section.9.4}% 172
\BOOKMARK [2][-]{subsection.9.4.2}{4.2\040Abundance}{section.9.4}% 173
\BOOKMARK [2][-]{subsection.9.4.3}{4.3\040Individuation}{section.9.4}% 174
\BOOKMARK [2][-]{subsection.9.4.4}{4.4\040Individuation\040of\040mass\040to\040count}{section.9.4}% 175
\BOOKMARK [2][-]{subsection.9.4.5}{4.5\040Clan\040or\040place\040name\040to\040members}{section.9.4}% 176
\BOOKMARK [2][-]{subsection.9.4.6}{4.6\040Partitive}{section.9.4}% 177
\BOOKMARK [2][-]{subsection.9.4.7}{4.7\040Vocative}{section.9.4}% 178
\BOOKMARK [2][-]{subsection.9.4.8}{4.8\040Summary}{section.9.4}% 179
\BOOKMARK [1][-]{section.9.5}{5\040Typological\040perspectives\040on\040pluralsbj]plural\040\(number\)\040word\040words\040in\040AP\040languages}{chapter*.213}% 180
\BOOKMARK [1][-]{section.9.6}{6\040Conclusions}{chapter*.213}% 181
\BOOKMARK [0][-]{chapter*.220}{10\040Participant\040marking:\040Corpus\040study\040and\040video\040elicitationSebastian\040Fedden\040&\040Dunstan\040Brown}{}% 182
\BOOKMARK [1][-]{section.10.1}{1\040Introduction}{chapter*.220}% 183
\BOOKMARK [1][-]{section.10.2}{2\040Alignment}{chapter*.220}% 184
\BOOKMARK [1][-]{section.10.3}{3\040Number\040of\040person\040prefix\040series}{chapter*.220}% 185
\BOOKMARK [1][-]{section.10.4}{4\040Video\040elicitation}{chapter*.220}% 186
\BOOKMARK [2][-]{subsection.10.4.1}{4.1\040Video\040stimuli}{section.10.4}% 187
\BOOKMARK [2][-]{subsection.10.4.2}{4.2\040Speakers\040and\040procedure}{section.10.4}% 188
\BOOKMARK [1][-]{section.10.5}{5\040Participant\040properties}{chapter*.220}% 189
\BOOKMARK [2][-]{subsection.10.5.1}{5.1\040Abui}{section.10.5}% 190
\BOOKMARK [3][-]{subsubsection.10.5.1.1}{5.1.1\040Inflection\040classes\040in\040Abui}{subsection.10.5.1}% 191
\BOOKMARK [3][-]{subsubsection.10.5.1.2}{5.1.2\040Affectedness\040in\040Abui}{subsection.10.5.1}% 192
\BOOKMARK [3][-]{subsubsection.10.5.1.3}{5.1.3\040Volitionality\040in\040Abui}{subsection.10.5.1}% 193
\BOOKMARK [2][-]{subsection.10.5.2}{5.2\040Kamang}{section.10.5}% 194
\BOOKMARK [3][-]{subsubsection.10.5.2.1}{5.2.1\040Inflection\040classes\040in\040Kamang}{subsection.10.5.2}% 195
\BOOKMARK [3][-]{subsubsection.10.5.2.2}{5.2.2\040Affectedness\040in\040Kamang}{subsection.10.5.2}% 196
\BOOKMARK [2][-]{subsection.10.5.3}{5.3\040Animacy\040and\040verb\040classes\040in\040Teiwa}{section.10.5}% 197
\BOOKMARK [1][-]{section.10.6}{6\040Discussion\040and\040conclusion}{chapter*.220}% 198
\BOOKMARK [1][-]{section.10.1}{A\040Appendix}{chapter*.220}% 199
\BOOKMARK [2][-]{subsection.10.1.1}{A.1\040The\040Video\040Elicitation\040Task}{section.10.1}% 200
\BOOKMARK [3][-]{subsubsection.10.1.1.1}{A.1.1\040Background}{subsection.10.1.1}% 201
\BOOKMARK [3][-]{subsubsection.10.1.1.2}{A.1.2\040Task}{subsection.10.1.1}% 202
\BOOKMARK [4][-]{paragraph.10.1.1.2.1}{A.1.2.1\040Materials}{subsubsection.10.1.1.2}% 203
\BOOKMARK [4][-]{paragraph.10.1.1.2.2}{A.1.2.2\040Requirements}{subsubsection.10.1.1.2}% 204
\BOOKMARK [4][-]{paragraph.10.1.1.2.3}{A.1.2.3\040Number\040of\040speakers}{subsubsection.10.1.1.2}% 205
\BOOKMARK [4][-]{paragraph.10.1.1.2.4}{A.1.2.4\040Procedure}{subsubsection.10.1.1.2}% 206
\BOOKMARK [4][-]{paragraph.10.1.1.2.5}{A.1.2.5\040Further\040probing\040and\040elicitation}{subsubsection.10.1.1.2}% 207
\BOOKMARK [4][-]{paragraph.10.1.1.2.6}{A.1.2.6\040List\040of\040video\040clips}{subsubsection.10.1.1.2}% 208
\BOOKMARK [0][-]{section*.240}{Index}{}% 209
\BOOKMARK [1][-]{section*.241}{Name\040index}{section*.240}% 210
\BOOKMARK [1][-]{section*.242}{Language\040index}{section*.240}% 211
\BOOKMARK [1][-]{section*.243}{Subject\040index}{section*.240}% 212
